<?xml version="1.0" encoding="UTF-8"?>
<testsuite xmlns:xsi="http://www.w3.org/2001/XMLSchema-instance" xsi:noNamespaceSchemaLocation="https://maven.apache.org/surefire/maven-surefire-plugin/xsd/surefire-test-report.xsd" version="3.0.2" name="fr.lgdev.admindesk.AdminDeskApplicationTest" time="10.837" tests="5" errors="0" skipped="0" failures="0" flakes="0">
  <properties>
[...]
</properties>
  <testcase name="unknownIdReturns404" classname="fr.lgdev.admindesk.AdminDeskApplicationTest" time="0.842">
    <system-out><![CDATA[23:01:19.274 [main] INFO org.springframework.test.context.support.AnnotationConfigContextLoaderUtils -- Could not detect default configuration classes for test class [fr.lgdev.admindesk.AdminDeskApplicationTest]: AdminDeskApplicationTest does not declare any static, non-private, non-final, nested classes annotated with @Configuration.
23:01:19.456 [main] INFO org.springframework.boot.test.context.SpringBootTestContextBootstrapper -- Found @SpringBootConfiguration fr.lgdev.admindesk.AdminDeskApplication for test class fr.lgdev.admindesk.AdminDeskApplicationTest
23:01:19.722 [main] INFO org.springframework.boot.devtools.restart.RestartApplicationListener -- Restart disabled due to context in which it is running

  .   ____          _            __ _ _
 /\\ / ___'_ __ _ _(_)_ __  __ _ \ \ \ \
( ( )\___ | '_ | '_| | '_ \/ _` | \ \ \ \
 \\/  ___)| |_)| | | | | || (_| |  ) ) ) )
  '  |____| .__|_| |_|_| |_\__, | / / / /
 =========|_|==============|___/=/_/_/_/

 :: Spring Boot ::               (v3.5.12)

23:01:20 [INFO ] f.l.a.AdminDeskApplicationTest - Starting AdminDeskApplicationTest using Java 25.0.2 with PID 27860 (started by lguer in C:\kadensis-toolkit\workspace\admindesk)
23:01:20 [DEBUG] f.l.a.AdminDeskApplicationTest - Running with Spring Boot v3.5.12, Spring v6.2.17
23:01:20 [INFO ] f.l.a.AdminDeskApplicationTest - No active profile set, falling back to 1 default profile: "default"
23:01:21 [INFO ] o.s.d.r.c.RepositoryConfigurationDelegate - Bootstrapping Spring Data JPA repositories in DEFAULT mode.
23:01:21 [INFO ] o.s.d.r.c.RepositoryConfigurationDelegate - Finished Spring Data repository scanning in 84 ms. Found 1 JPA repository interface.
23:01:22 [INFO ] o.s.b.w.e.tomcat.TomcatWebServer - Tomcat initialized with port 0 (http)
23:01:22 [INFO ] o.a.catalina.core.StandardService - Starting service [Tomcat]
23:01:22 [INFO ] o.a.catalina.core.StandardEngine - Starting Servlet engine: [Apache Tomcat/10.1.52]
23:01:22 [INFO ] o.a.c.c.C.[Tomcat].[localhost].[/] - Initializing Spring embedded WebApplicationContext
23:01:22 [INFO ] o.s.b.w.s.c.ServletWebServerApplicationContext - Root WebApplicationContext: initialization completed in 2650 ms
23:01:23 [INFO ] o.h.jpa.internal.util.LogHelper - HHH000204: Processing PersistenceUnitInfo [name: default]
23:01:23 [INFO ] org.hibernate.Version - HHH000412: Hibernate ORM core version 6.6.44.Final
23:01:23 [INFO ] o.h.c.i.RegionFactoryInitiator - HHH000026: Second-level cache disabled
23:01:23 [INFO ] o.s.o.j.p.SpringPersistenceUnitInfo - No LoadTimeWeaver setup: ignoring JPA class transformer
23:01:23 [INFO ] com.zaxxer.hikari.HikariDataSource - HikariPool-1 - Starting...
23:01:24 [INFO ] com.zaxxer.hikari.pool.HikariPool - HikariPool-1 - Added connection conn0: url=jdbc:h2:mem:admindesk user=SA
23:01:24 [INFO ] com.zaxxer.hikari.HikariDataSource - HikariPool-1 - Start completed.
23:01:24 [INFO ] o.hibernate.orm.connections.pooling - HHH10001005: Database info:
	Database JDBC URL [Connecting through datasource 'HikariDataSource (HikariPool-1)']
	Database driver: undefined/unknown
	Database version: 2.3.232
	Autocommit mode: undefined/unknown
	Isolation level: undefined/unknown
	Minimum pool size: undefined/unknown
	Maximum pool size: undefined/unknown
23:01:25 [INFO ] o.h.e.t.j.p.i.JtaPlatformInitiator - HHH000489: No JTA platform available (set 'hibernate.transaction.jta.platform' to enable JTA platform integration)
23:01:25 [INFO ] o.s.o.j.LocalContainerEntityManagerFactoryBean - Initialized JPA EntityManagerFactory for persistence unit 'default'
23:01:25 [INFO ] o.s.d.j.r.query.QueryEnhancerFactory - Hibernate is in classpath; If applicable, HQL parser will be used.
23:01:26 [WARN ] o.s.b.a.o.j.JpaBaseConfiguration$JpaWebConfiguration - spring.jpa.open-in-view is enabled by default. Therefore, database queries may be performed during view rendering. Explicitly configure spring.jpa.open-in-view to disable this warning
23:01:27 [INFO ] o.s.b.a.h.H2ConsoleAutoConfiguration - H2 console available at '/h2-console'. Database available at 'jdbc:h2:mem:admindesk'
23:01:27 [INFO ] o.s.b.a.e.web.EndpointLinksResolver - Exposing 3 endpoints beneath base path '/actuator'
23:01:28 [INFO ] o.s.b.w.e.tomcat.TomcatWebServer - Tomcat started on port 51205 (http) with context path '/'
23:01:28 [INFO ] f.l.a.AdminDeskApplicationTest - Started AdminDeskApplicationTest in 8.609 seconds (process running for 10.243)
23:01:28 [INFO ] o.a.c.c.C.[Tomcat].[localhost].[/] - Initializing Spring DispatcherServlet 'dispatcherServlet'
23:01:28 [INFO ] o.s.web.servlet.DispatcherServlet - Initializing Servlet 'dispatcherServlet'
23:01:28 [INFO ] o.s.web.servlet.DispatcherServlet - Completed initialization in 1 ms
23:01:29 [WARN ] f.l.a.api.RestExceptionHandler - Resource not found: Request not found: 99999
]]></system-out>
    <system-err><![CDATA[Mockito is currently self-attaching to enable the inline-mock-maker. This will no longer work in future releases of the JDK. Please add Mockito as an agent to your build as described in Mockito's documentation: https://javadoc.io/doc/org.mockito/mockito-core/latest/org.mockito/org/mockito/Mockito.html#0.3
WARNING: A Java agent has been loaded dynamically (C:\Users\lguer\.m2\repository\net\bytebuddy\byte-buddy-agent\1.17.8\byte-buddy-agent-1.17.8.jar)
WARNING: If a serviceability tool is in use, please run with -XX:+EnableDynamicAgentLoading to hide this warning
WARNING: If a serviceability tool is not in use, please run with -Djdk.instrument.traceUsage for more information
WARNING: Dynamic loading of agents will be disallowed by default in a future release
]]></system-err>
  </testcase>
  <testcase name="demandeListPageReturns200" classname="fr.lgdev.admindesk.AdminDeskApplicationTest" time="0.537"/>
  <testcase name="dataIsLoaded" classname="fr.lgdev.admindesk.AdminDeskApplicationTest" time="0.016"/>
  <testcase name="contextLoads" classname="fr.lgdev.admindesk.AdminDeskApplicationTest" time="0.006"/>
  <testcase name="apiStatsReturns200" classname="fr.lgdev.admindesk.AdminDeskApplicationTest" time="0.069"/>
</testsuite>